# JRE version: OpenJDK Runtime Environment Temurin-21.0.7+6 (21.0.7+6) (build 21.0.7+6-LTS)
# Java VM: OpenJDK 64-Bit Server VM Temurin-21.0.7+6 (21.0.7+6-LTS, mixed mode, emulated-client, sharing, tiered, compressed oops, compressed class ptrs, g1 gc, windows-amd64)
GC Precious Log:
 CardTable entry size: 512
 Card Set container configuration: InlinePtr #cards 5 size 8 Array Of Cards #cards 12 size 40 Howl #buckets 4 coarsen threshold 1843 Howl Bitmap #cards 512 size 80 coarsen threshold 460 Card regions per heap region 1 cards per card region 2048
 CPUs: 12 total, 12 available
 Memory: 16091M
 Large Page Support: Disabled
 NUMA Support: Disabled
 Compressed Oops: Enabled (32-bit)
 Heap Region Size: 1M
 Heap Min Capacity: 8M
 Heap Initial Capacity: 252M
 Heap Max Capacity: 1G
 Pre-touch: Disabled
 Parallel Workers: 10
 Concurrent Workers: 3
 Concurrent Refinement Workers: 10
 Periodic GC: Disabled
Heap:
 garbage-first heap   total 99328K, used 28914K [0x00000000c0000000, 0x0000000100000000)
  region size 1024K, 1 young (1024K), 0 survivors (0K)
 Metaspace       used 55559K, committed 56320K, reserved 1114112K
  class space    used 6870K, committed 7168K, reserved 1048576K
GC Heap History (20 events):
Event: 2111.123 GC heap after
{Heap after GC invocations=203 (full 187):
 garbage-first heap   total 99328K, used 28914K [0x00000000c0000000, 0x0000000100000000)
  region size 1024K, 0 young (0K), 0 survivors (0K)
 Metaspace       used 55559K, committed 56320K, reserved 1114112K
  class space    used 6870K, committed 7168K, reserved 1048576K
}
Event: 2121.488 GC heap before
{Heap before GC invocations=203 (full 187):
 garbage-first heap   total 99328K, used 28914K [0x00000000c0000000, 0x0000000100000000)
  region size 1024K, 1 young (1024K), 0 survivors (0K)
 Metaspace       used 55559K, committed 56320K, reserved 1114112K
  class space    used 6870K, committed 7168K, reserved 1048576K
}
Event: 2121.516 GC heap after
{Heap after GC invocations=204 (full 188):
 garbage-first heap   total 99328K, used 28914K [0x00000000c0000000, 0x0000000100000000)
  region size 1024K, 0 young (0K), 0 survivors (0K)
 Metaspace       used 55559K, committed 56320K, reserved 1114112K
  class space    used 6870K, committed 7168K, reserved 1048576K
}
Event: 2131.869 GC heap before
{Heap before GC invocations=204 (full 188):
 garbage-first heap   total 99328K, used 28914K [0x00000000c0000000, 0x0000000100000000)
  region size 1024K, 1 young (1024K), 0 survivors (0K)
 Metaspace       used 55559K, committed 56320K, reserved 1114112K
  class space    used 6870K, committed 7168K, reserved 1048576K
}
Event: 2131.915 GC heap after
{Heap after GC invocations=205 (full 189):
 garbage-first heap   total 99328K, used 28914K [0x00000000c0000000, 0x0000000100000000)
  region size 1024K, 0 young (0K), 0 survivors (0K)
 Metaspace       used 55559K, committed 56320K, reserved 1114112K
  class space    used 6870K, committed 7168K, reserved 1048576K
}
Event: 2142.287 GC heap before
{Heap before GC invocations=205 (full 189):
 garbage-first heap   total 99328K, used 28914K [0x00000000c0000000, 0x0000000100000000)
  region size 1024K, 1 young (1024K), 0 survivors (0K)
 Metaspace       used 55559K, committed 56320K, reserved 1114112K
  class space    used 6870K, committed 7168K, reserved 1048576K
}
Event: 2142.344 GC heap after
{Heap after GC invocations=206 (full 190):
 garbage-first heap   total 99328K, used 28914K [0x00000000c0000000, 0x0000000100000000)
  region size 1024K, 0 young (0K), 0 survivors (0K)
 Metaspace       used 55559K, committed 56320K, reserved 1114112K
  class space    used 6870K, committed 7168K, reserved 1048576K
}
Event: 2152.735 GC heap before
{Heap before GC invocations=206 (full 190):
 garbage-first heap   total 99328K, used 28914K [0x00000000c0000000, 0x0000000100000000)
  region size 1024K, 1 young (1024K), 0 survivors (0K)
 Metaspace       used 55559K, committed 56320K, reserved 1114112K
  class space    used 6870K, committed 7168K, reserved 1048576K
}
Event: 2152.791 GC heap after
{Heap after GC invocations=207 (full 191):
 garbage-first heap   total 99328K, used 28914K [0x00000000c0000000, 0x0000000100000000)
  region size 1024K, 0 young (0K), 0 survivors (0K)
 Metaspace       used 55559K, committed 56320K, reserved 1114112K
  class space    used 6870K, committed 7168K, reserved 1048576K
}
Event: 2163.124 GC heap before
{Heap before GC invocations=207 (full 191):
 garbage-first heap   total 99328K, used 28914K [0x00000000c0000000, 0x0000000100000000)
  region size 1024K, 1 young (1024K), 0 survivors (0K)
 Metaspace       used 55559K, committed 56320K, reserved 1114112K
  class space    used 6870K, committed 7168K, reserved 1048576K
}
Event: 2163.153 GC heap after
{Heap after GC invocations=208 (full 192):
 garbage-first heap   total 99328K, used 28914K [0x00000000c0000000, 0x0000000100000000)
  region size 1024K, 0 young (0K), 0 survivors (0K)
 Metaspace       used 55559K, committed 56320K, reserved 1114112K
  class space    used 6870K, committed 7168K, reserved 1048576K
}
Event: 2173.497 GC heap before
{Heap before GC invocations=208 (full 192):
 garbage-first heap   total 99328K, used 28914K [0x00000000c0000000, 0x0000000100000000)
  region size 1024K, 1 young (1024K), 0 survivors (0K)
 Metaspace       used 55559K, committed 56320K, reserved 1114112K
  class space    used 6870K, committed 7168K, reserved 1048576K
}
Event: 2173.546 GC heap after
{Heap after GC invocations=209 (full 193):
 garbage-first heap   total 99328K, used 28914K [0x00000000c0000000, 0x0000000100000000)
  region size 1024K, 0 young (0K), 0 survivors (0K)
 Metaspace       used 55559K, committed 56320K, reserved 1114112K
  class space    used 6870K, committed 7168K, reserved 1048576K
}
Event: 2183.799 GC heap before
{Heap before GC invocations=209 (full 193):
 garbage-first heap   total 99328K, used 28914K [0x00000000c0000000, 0x0000000100000000)
  region size 1024K, 1 young (1024K), 0 survivors (0K)
 Metaspace       used 55559K, committed 56320K, reserved 1114112K
  class space    used 6870K, committed 7168K, reserved 1048576K
}
Event: 2183.827 GC heap after
{Heap after GC invocations=210 (full 194):
 garbage-first heap   total 99328K, used 28914K [0x00000000c0000000, 0x0000000100000000)
  region size 1024K, 0 young (0K), 0 survivors (0K)
 Metaspace       used 55559K, committed 56320K, reserved 1114112K
  class space    used 6870K, committed 7168K, reserved 1048576K
}
Event: 2194.008 GC heap before
{Heap before GC invocations=210 (full 194):
 garbage-first heap   total 99328K, used 28914K [0x00000000c0000000, 0x0000000100000000)
  region size 1024K, 1 young (1024K), 0 survivors (0K)
 Metaspace       used 55559K, committed 56320K, reserved 1114112K
  class space    used 6870K, committed 7168K, reserved 1048576K
}
Event: 2194.037 GC heap after
{Heap after GC invocations=211 (full 195):
 garbage-first heap   total 99328K, used 28914K [0x00000000c0000000, 0x0000000100000000)
  region size 1024K, 0 young (0K), 0 survivors (0K)
 Metaspace       used 55559K, committed 56320K, reserved 1114112K
  class space    used 6870K, committed 7168K, reserved 1048576K
}
Event: 2204.374 GC heap before
{Heap before GC invocations=211 (full 195):
 garbage-first heap   total 99328K, used 28914K [0x00000000c0000000, 0x0000000100000000)
  region size 1024K, 1 young (1024K), 0 survivors (0K)
 Metaspace       used 55559K, committed 56320K, reserved 1114112K
  class space    used 6870K, committed 7168K, reserved 1048576K
}
Event: 2204.405 GC heap after
{Heap after GC invocations=212 (full 196):
 garbage-first heap   total 99328K, used 28914K [0x00000000c0000000, 0x0000000100000000)
  region size 1024K, 0 young (0K), 0 survivors (0K)
 Metaspace       used 55559K, committed 56320K, reserved 1114112K
  class space    used 6870K, committed 7168K, reserved 1048576K
}
Event: 2224.432 GC heap before
{Heap before GC invocations=212 (full 196):
 garbage-first heap   total 99328K, used 28914K [0x00000000c0000000, 0x0000000100000000)
  region size 1024K, 1 young (1024K), 0 survivors (0K)
 Metaspace       used 55559K, committed 56320K, reserved 1114112K
  class space    used 6870K, committed 7168K, reserved 1048576K
}

